<?xml version="1.0" encoding="UTF-8"?>
<!-- Generated by org.testng.reporters.JUnitXMLReporter -->
<testsuite ignored="1" hostname="M2B-L-F28PH9R" failures="0" tests="1" name="Submit Order Test" time="10.095" errors="0" timestamp="2022-09-17T21:59:36 IST">
  <testcase classname="Selenium.Tests.ErrorValidations" name="loginFailureValidations" time="1.238"/>
  <testcase classname="Selenium.Tests.ErrorValidations" name="productNameErrorValidation" time="0.0">
    <ignored/>
  </testcase> <!-- productNameErrorValidation -->
</testsuite> <!-- Submit Order Test -->
