<?xml version="1.0" encoding="UTF-8"?>
<!-- Generated by org.testng.reporters.JUnitXMLReporter -->
<testsuite ignored="3" hostname="M2B-L-F28PH9R" failures="0" tests="2" name="CarLoan" time="0.099" errors="0" timestamp="2022-09-02T17:25:02 IST">
  <testcase classname="test.test3" name="webLoginCarLoan" time="0.01"/>
  <testcase classname="test.test3" name="apiLoginCarLoan" time="0.003"/>
  <testcase classname="test.test3" name="mobileLoginCarLoan" time="0.0">
    <ignored/>
  </testcase> <!-- mobileLoginCarLoan -->
  <testcase classname="test.test3" name="mobileSignOutCarLoan" time="0.0">
    <ignored/>
  </testcase> <!-- mobileSignOutCarLoan -->
  <testcase classname="test.test3" name="mobileSignInCarLoan" time="0.0">
    <ignored/>
  </testcase> <!-- mobileSignInCarLoan -->
</testsuite> <!-- CarLoan -->
