<?xml version="1.0" encoding="UTF-8"?>
<!-- Generated by org.testng.reporters.JUnitXMLReporter -->
<testsuite ignored="8" hostname="M2B-L-F28PH9R" failures="0" tests="3" name="Loan" time="0.078" errors="0" timestamp="2022-09-02T14:16:51 IST">
  <testcase classname="test.test3" name="apiLoginCarLoan" time="0.012"/>
  <testcase classname="test.test3" name="mobileLoginCarLoan" time="0.002"/>
  <testcase classname="test.test3" name="mobileSignInCarLoan" time="0.002"/>
  <testcase classname="test.TestNGBasics" name="method2" time="0.0">
    <ignored/>
  </testcase> <!-- method2 -->
  <testcase classname="test.test4" name="mobileLoginHomeLoan" time="0.0">
    <ignored/>
  </testcase> <!-- mobileLoginHomeLoan -->
  <testcase classname="test.test3" name="webLoginCarLoan" time="0.0">
    <ignored/>
  </testcase> <!-- webLoginCarLoan -->
  <testcase classname="test.test2" name="method1" time="0.0">
    <ignored/>
  </testcase> <!-- method1 -->
  <testcase classname="test.TestNGBasics" name="method1" time="0.0">
    <ignored/>
  </testcase> <!-- method1 -->
  <testcase classname="test.test3" name="mobileSignOutCarLoan" time="0.0">
    <ignored/>
  </testcase> <!-- mobileSignOutCarLoan -->
  <testcase classname="test.test4" name="webLoginHomeLoan" time="0.0">
    <ignored/>
  </testcase> <!-- webLoginHomeLoan -->
  <testcase classname="test.test4" name="apiLoginHomeLoan" time="0.0">
    <ignored/>
  </testcase> <!-- apiLoginHomeLoan -->
</testsuite> <!-- Loan -->
